This is pdfTeX, Version 3.141592653-2.6-1.40.25 (MiKTeX 23.5) (preloaded format=pdflatex 2023.5.14)  5 JUN 2023 10:42
entering extended mode
 restricted \write18 enabled.
 file:line:error style messages enabled.
 %&-line parsing enabled.
**c:/Users/lucas/Documents/Bachelor_Thesis/report/thesis.tex
(c:/Users/lucas/Documents/Bachelor_Thesis/report/thesis.tex
LaTeX2e <2022-11-01> patch level 1
L3 programming layer <2023-05-11> (C:\Users\lucas\AppData\Local\Programs\MiKTeX\tex/latex/koma-script\scrbook.cls
Document Class: scrbook 2023/04/24 v3.40 KOMA-Script document class (book)
(C:\Users\lucas\AppData\Local\Programs\MiKTeX\tex/latex/koma-script\scrkbase.sty
Package: scrkbase 2023/04/24 v3.40 KOMA-Script package (KOMA-Script-dependent basics and keyval usage)
 (C:\Users\lucas\AppData\Local\Programs\MiKTeX\tex/latex/koma-script\scrbase.sty
Package: scrbase 2023/04/24 v3.40 KOMA-Script package (KOMA-Script-independent basics and keyval usage)
 (C:\Users\lucas\AppData\Local\Programs\MiKTeX\tex/latex/koma-script\scrlfile.sty
Package: scrlfile 2023/04/24 v3.40 KOMA-Script package (file load hooks)
 (C:\Users\lucas\AppData\Local\Programs\MiKTeX\tex/latex/koma-script\scrlfile-hook.sty
Package: scrlfile-hook 2023/04/24 v3.40 KOMA-Script package (using LaTeX hooks)
 (C:\Users\lucas\AppData\Local\Programs\MiKTeX\tex/latex/koma-script\scrlogo.sty
Package: scrlogo 2023/04/24 v3.40 KOMA-Script package (logo)
))) (C:\Users\lucas\AppData\Local\Programs\MiKTeX\tex/latex/graphics\keyval.sty
Package: keyval 2022/05/29 v1.15 key=value parser (DPC)
\KV@toks@=\toks16
)
Applying: [2021/05/01] Usage of raw or classic option list on input line 252.
Already applied: [0000/00/00] Usage of raw or classic option list on input line 368.
)) (C:\Users\lucas\AppData\Local\Programs\MiKTeX\tex/latex/koma-script\tocbasic.sty
Package: tocbasic 2023/04/24 v3.40 KOMA-Script package (handling toc-files)
\scr@dte@tocline@numberwidth=\skip48
\scr@dte@tocline@numbox=\box51
)
Package tocbasic Info: omitting babel extension for `toc'
(tocbasic)             because of feature `nobabel' available
(tocbasic)             for `toc' on input line 135.
Package scrbook Info: You've used standard option `12pt'.
(scrbook)             This is correct!
(scrbook)             Internally I'm using `fontsize=12pt'.
(scrbook)             If you'd like to set the option with \KOMAoptions,
(scrbook)             you'd have to use `fontsize=12pt' there
(scrbook)             instead of `12pt', too.
Class scrbook Info: File `scrsize12pt.clo' used to setup font sizes on input line 2671.
 (C:\Users\lucas\AppData\Local\Programs\MiKTeX\tex/latex/koma-script\scrsize12pt.clo
File: scrsize12pt.clo 2023/04/24 v3.40 KOMA-Script font size class option (12pt)
) (C:\Users\lucas\AppData\Local\Programs\MiKTeX\tex/latex/koma-script\typearea.sty
Package: typearea 2023/04/24 v3.40 KOMA-Script package (type area)
\ta@bcor=\skip49
\ta@div=\count185
Package typearea Info: You've used standard option `a4paper'.
(typearea)             This is correct!
(typearea)             Internally I'm using `paper=a4'.
(typearea)             If you'd like to set the option with \KOMAoptions,
(typearea)             you'd have to use `paper=a4' there
(typearea)             instead of `a4paper', too.
\ta@hblk=\skip50
\ta@vblk=\skip51
\ta@temp=\skip52
\footheight=\skip53
Package typearea Info: These are the values describing the layout:
(typearea)             DIV  = 12
(typearea)             BCOR = 0.0pt
(typearea)             \paperwidth      = 597.50793pt
(typearea)              \textwidth      = 448.13095pt
(typearea)              DIV departure   = -6%
(typearea)              \evensidemargin = 27.31467pt
(typearea)              \oddsidemargin  = -22.47766pt
(typearea)             \paperheight     = 845.04694pt
(typearea)              \textheight     = 635.5pt
(typearea)              \topmargin      = -41.72441pt
(typearea)              \headheight     = 18.125pt
(typearea)              \headsep        = 21.75pt
(typearea)              \topskip        = 12.0pt
(typearea)              \footskip       = 50.75pt
(typearea)              \baselineskip   = 14.5pt
(typearea)              on input line 1798.
)
\c@part=\count186
\c@chapter=\count187
\c@section=\count188
\c@subsection=\count189
\c@subsubsection=\count190
\c@paragraph=\count191
\c@subparagraph=\count192
\scr@dte@chapter@maxnumwidth=\skip54
Class scrbook Info: using compatibility default `afterindent=bysign'
(scrbook)           for `\chapter on input line 5957.
\scr@dte@section@maxnumwidth=\skip55
Class scrbook Info: using compatibility default `runin=bysign'
(scrbook)           for `\section on input line 5968.
Class scrbook Info: using compatibility default `afterindent=bysign'
(scrbook)           for `\section on input line 5968.
\scr@dte@part@maxnumwidth=\skip56
Class scrbook Info: using compatibility default `afterindent=true'
(scrbook)           for `\part on input line 5977.
\scr@dte@subsection@maxnumwidth=\skip57
Class scrbook Info: using compatibility default `runin=bysign'
(scrbook)           for `\subsection on input line 5987.
Class scrbook Info: using compatibility default `afterindent=bysign'
(scrbook)           for `\subsection on input line 5987.
\scr@dte@subsubsection@maxnumwidth=\skip58
Class scrbook Info: using compatibility default `runin=bysign'
(scrbook)           for `\subsubsection on input line 5997.
Class scrbook Info: using compatibility default `afterindent=bysign'
(scrbook)           for `\subsubsection on input line 5997.
\scr@dte@paragraph@maxnumwidth=\skip59
Class scrbook Info: using compatibility default `runin=bysign'
(scrbook)           for `\paragraph on input line 6008.
Class scrbook Info: using compatibility default `afterindent=bysign'
(scrbook)           for `\paragraph on input line 6008.
\scr@dte@subparagraph@maxnumwidth=\skip60
Class scrbook Info: using compatibility default `runin=bysign'
(scrbook)           for `\subparagraph on input line 6018.
Class scrbook Info: using compatibility default `afterindent=bysign'
(scrbook)           for `\subparagraph on input line 6018.
\abovecaptionskip=\skip61
\belowcaptionskip=\skip62
\c@pti@nb@sid@b@x=\box52
Package tocbasic Info: omitting babel extension for `lof'
(tocbasic)             because of feature `nobabel' available
(tocbasic)             for `lof' on input line 7201.
\scr@dte@figure@maxnumwidth=\skip63
\c@figure=\count193
Package tocbasic Info: omitting babel extension for `lot'
(tocbasic)             because of feature `nobabel' available
(tocbasic)             for `lot' on input line 7218.
\scr@dte@table@maxnumwidth=\skip64
\c@table=\count194
Class scrbook Info: Redefining `\numberline' on input line 7389.
\bibindent=\dimen140
) (C:\Users\lucas\AppData\Local\Programs\MiKTeX\tex/latex/amsmath\amsmath.sty
Package: amsmath 2022/04/08 v2.17n AMS math features
\@mathmargin=\skip65

For additional information on amsmath, use the `?' option.
(C:\Users\lucas\AppData\Local\Programs\MiKTeX\tex/latex/amsmath\amstext.sty
Package: amstext 2021/08/26 v2.01 AMS text
 (C:\Users\lucas\AppData\Local\Programs\MiKTeX\tex/latex/amsmath\amsgen.sty
File: amsgen.sty 1999/11/30 v2.0 generic functions
\@emptytoks=\toks17
\ex@=\dimen141
)) (C:\Users\lucas\AppData\Local\Programs\MiKTeX\tex/latex/amsmath\amsbsy.sty
Package: amsbsy 1999/11/29 v1.2d Bold Symbols
\pmbraise@=\dimen142
) (C:\Users\lucas\AppData\Local\Programs\MiKTeX\tex/latex/amsmath\amsopn.sty
Package: amsopn 2022/04/08 v2.04 operator names
)
\inf@bad=\count195
LaTeX Info: Redefining \frac on input line 234.
\uproot@=\count196
\leftroot@=\count197
LaTeX Info: Redefining \overline on input line 399.
LaTeX Info: Redefining \colon on input line 410.
\classnum@=\count198
\DOTSCASE@=\count199
LaTeX Info: Redefining \ldots on input line 496.
LaTeX Info: Redefining \dots on input line 499.
LaTeX Info: Redefining \cdots on input line 620.
\Mathstrutbox@=\box53
\strutbox@=\box54
LaTeX Info: Redefining \big on input line 722.
LaTeX Info: Redefining \Big on input line 723.
LaTeX Info: Redefining \bigg on input line 724.
LaTeX Info: Redefining \Bigg on input line 725.
\big@size=\dimen143
LaTeX Font Info:    Redeclaring font encoding OML on input line 743.
LaTeX Font Info:    Redeclaring font encoding OMS on input line 744.
\macc@depth=\count266
LaTeX Info: Redefining \bmod on input line 905.
LaTeX Info: Redefining \pmod on input line 910.
LaTeX Info: Redefining \smash on input line 940.
LaTeX Info: Redefining \relbar on input line 970.
LaTeX Info: Redefining \Relbar on input line 971.
\c@MaxMatrixCols=\count267
\dotsspace@=\muskip16
\c@parentequation=\count268
\dspbrk@lvl=\count269
\tag@help=\toks18
\row@=\count270
\column@=\count271
\maxfields@=\count272
\andhelp@=\toks19
\eqnshift@=\dimen144
\alignsep@=\dimen145
\tagshift@=\dimen146
\tagwidth@=\dimen147
\totwidth@=\dimen148
\lineht@=\dimen149
\@envbody=\toks20
\multlinegap=\skip66
\multlinetaggap=\skip67
\mathdisplay@stack=\toks21
LaTeX Info: Redefining \[ on input line 2953.
LaTeX Info: Redefining \] on input line 2954.
) (C:\Users\lucas\AppData\Local\Programs\MiKTeX\tex/latex/amsfonts\amssymb.sty
Package: amssymb 2013/01/14 v3.01 AMS font symbols
 (C:\Users\lucas\AppData\Local\Programs\MiKTeX\tex/latex/amsfonts\amsfonts.sty
Package: amsfonts 2013/01/14 v3.01 Basic AMSFonts support
\symAMSa=\mathgroup4
\symAMSb=\mathgroup5
LaTeX Font Info:    Redeclaring math symbol \hbar on input line 98.
LaTeX Font Info:    Overwriting math alphabet `\mathfrak' in version `bold'
(Font)                  U/euf/m/n --> U/euf/b/n on input line 106.
)) (C:\Users\lucas\AppData\Local\Programs\MiKTeX\tex/latex/amscls\amsthm.sty
Package: amsthm 2020/05/29 v2.20.6
\thm@style=\toks22
\thm@bodyfont=\toks23
\thm@headfont=\toks24
\thm@notefont=\toks25
\thm@headpunct=\toks26
\thm@preskip=\skip68
\thm@postskip=\skip69
\thm@headsep=\skip70
\dth@everypar=\toks27
) (C:\Users\lucas\AppData\Local\Programs\MiKTeX\tex/latex/xpatch\xpatch.sty (C:\Users\lucas\AppData\Local\Programs\MiKTeX\tex/latex/l3kernel\expl3.sty
Package: expl3 2023-05-11 L3 programming layer (loader) 
 (C:\Users\lucas\AppData\Local\Programs\MiKTeX\tex/latex/l3backend\l3backend-pdftex.def
File: l3backend-pdftex.def 2023-04-19 L3 backend support: PDF output (pdfTeX)
\l__color_backend_stack_int=\count273
\l__pdf_internal_box=\box55
))
Package: xpatch 2020/03/25 v0.3a Extending etoolbox patching commands
 (C:\Users\lucas\AppData\Local\Programs\MiKTeX\tex/latex/l3packages/xparse\xparse.sty
Package: xparse 2023-02-02 L3 Experimental document command parser
) (C:\Users\lucas\AppData\Local\Programs\MiKTeX\tex/latex/etoolbox\etoolbox.sty
Package: etoolbox 2020/10/05 v2.5k e-TeX tools for LaTeX (JAW)
\etb@tempcnta=\count274
))
Class scrbook Info: amsthm's \deferred@thm@head patched.
 (C:\Users\lucas\AppData\Local\Programs\MiKTeX\tex/latex/mathtools\mathtools.sty
Package: mathtools 2022/06/29 v1.29 mathematical typesetting tools
 (C:\Users\lucas\AppData\Local\Programs\MiKTeX\tex/latex/tools\calc.sty
Package: calc 2017/05/25 v4.3 Infix arithmetic (KKT,FJ)
\calc@Acount=\count275
\calc@Bcount=\count276
\calc@Adimen=\dimen150
\calc@Bdimen=\dimen151
\calc@Askip=\skip71
\calc@Bskip=\skip72
LaTeX Info: Redefining \setlength on input line 80.
LaTeX Info: Redefining \addtolength on input line 81.
\calc@Ccount=\count277
\calc@Cskip=\skip73
) (C:\Users\lucas\AppData\Local\Programs\MiKTeX\tex/latex/mathtools\mhsetup.sty
Package: mhsetup 2021/03/18 v1.4 programming setup (MH)
)
\g_MT_multlinerow_int=\count278
\l_MT_multwidth_dim=\dimen152
\origjot=\skip74
\l_MT_shortvdotswithinadjustabove_dim=\dimen153
\l_MT_shortvdotswithinadjustbelow_dim=\dimen154
\l_MT_above_intertext_sep=\dimen155
\l_MT_below_intertext_sep=\dimen156
\l_MT_above_shortintertext_sep=\dimen157
\l_MT_below_shortintertext_sep=\dimen158
\xmathstrut@box=\box56
\xmathstrut@dim=\dimen159
) (C:\Users\lucas\AppData\Local\Programs\MiKTeX\tex/latex/subfigure\subfigure.sty
Package: subfigure 2002/07/30 v2.1.4 subfigure package
\subfigtopskip=\skip75
\subfigcapskip=\skip76
\subfigcaptopadj=\dimen160
\subfigbottomskip=\skip77
\subfigcapmargin=\dimen161
\subfiglabelskip=\skip78
\c@subfigure=\count279
\c@lofdepth=\count280
\c@subtable=\count281
\c@lotdepth=\count282

****************************************
* Local config file subfigure.cfg used *
****************************************
(C:\Users\lucas\AppData\Local\Programs\MiKTeX\tex/latex/subfigure\subfigure.cfg)
\subfig@top=\skip79
\subfig@bottom=\skip80
) (C:\Users\lucas\AppData\Local\Programs\MiKTeX\tex/latex/tools\longtable.sty
Package: longtable 2021-09-01 v4.17 Multi-page Table package (DPC)
\LTleft=\skip81
\LTright=\skip82
\LTpre=\skip83
\LTpost=\skip84
\LTchunksize=\count283
\LTcapwidth=\dimen162
\LT@head=\box57
\LT@firsthead=\box58
\LT@foot=\box59
\LT@lastfoot=\box60
\LT@gbox=\box61
\LT@cols=\count284
\LT@rows=\count285
\c@LT@tables=\count286
\c@LT@chunks=\count287
\LT@p@ftn=\toks28
)
Class scrbook Info: longtable captions redefined on input line 6.
 (C:\Users\lucas\AppData\Local\Programs\MiKTeX\tex/latex/caption\caption.sty
Package: caption 2023/03/12 v3.6j Customizing captions (AR)
 (C:\Users\lucas\AppData\Local\Programs\MiKTeX\tex/latex/caption\caption3.sty
Package: caption3 2023/03/12 v2.4 caption3 kernel (AR)
\caption@tempdima=\dimen163
\captionmargin=\dimen164
\caption@leftmargin=\dimen165
\caption@rightmargin=\dimen166
\caption@width=\dimen167
\caption@indent=\dimen168
\caption@parindent=\dimen169
\caption@hangindent=\dimen170
Package caption Info: KOMA-Script document class detected.
 (C:\Users\lucas\AppData\Local\Programs\MiKTeX\tex/latex/caption\caption-koma.sto
File: caption-koma.sto 2022/12/27 v2.0c Adaption of the caption package to the KOMA-Script document classes (AR)
))
\c@caption@flags=\count288
\c@continuedfloat=\count289
Package caption Info: longtable package is loaded.
 (C:\Users\lucas\AppData\Local\Programs\MiKTeX\tex/latex/caption\ltcaption.sty
Package: ltcaption 2021/01/08 v1.4c longtable captions (AR)
)
Package caption Info: KOMA-Script scrextend package detected.
\caption@addmargin@hsize=\dimen171
\caption@addmargin@linewidth=\dimen172
Package caption Info: subfigure package is loaded.
) (C:\Users\lucas\AppData\Local\Programs\MiKTeX\tex/latex/float\float.sty
Package: float 2001/11/08 v1.3d Float enhancements (AL)
\c@float@type=\count290
\float@exts=\toks29
\float@box=\box62
\@float@everytoks=\toks30
\@floatcapt=\box63
) (C:\Users\lucas\AppData\Local\Programs\MiKTeX\tex/latex/booktabs\booktabs.sty
Package: booktabs 2020/01/12 v1.61803398 Publication quality tables
\heavyrulewidth=\dimen173
\lightrulewidth=\dimen174
\cmidrulewidth=\dimen175
\belowrulesep=\dimen176
\belowbottomsep=\dimen177
\aboverulesep=\dimen178
\abovetopsep=\dimen179
\cmidrulesep=\dimen180
\cmidrulekern=\dimen181
\defaultaddspace=\dimen182
\@cmidla=\count291
\@cmidlb=\count292
\@aboverulesep=\dimen183
\@belowrulesep=\dimen184
\@thisruleclass=\count293
\@lastruleclass=\count294
\@thisrulewidth=\dimen185
)

Package scrbase Warning: Usage of deprecated command `\ifpdfoutput'.
(scrbase)                The command has been renamed because of a
(scrbase)                recommendation of The LaTeX Project Team.
(scrbase)                Please replace `\ifpdfoutput' by `\Ifpdfoutput' on input line 13.

(C:\Users\lucas\AppData\Local\Programs\MiKTeX\tex/latex/graphics\graphicx.sty
Package: graphicx 2021/09/16 v1.2d Enhanced LaTeX Graphics (DPC,SPQR)
 (C:\Users\lucas\AppData\Local\Programs\MiKTeX\tex/latex/graphics\graphics.sty
Package: graphics 2022/03/10 v1.4e Standard LaTeX Graphics (DPC,SPQR)
 (C:\Users\lucas\AppData\Local\Programs\MiKTeX\tex/latex/graphics\trig.sty
Package: trig 2021/08/11 v1.11 sin cos tan (DPC)
) (C:\Users\lucas\AppData\Local\Programs\MiKTeX\tex/latex/graphics-cfg\graphics.cfg
File: graphics.cfg 2016/06/04 v1.11 sample graphics configuration
)
Package graphics Info: Driver file: pdftex.def on input line 107.
 (C:\Users\lucas\AppData\Local\Programs\MiKTeX\tex/latex/graphics-def\pdftex.def
File: pdftex.def 2022/09/22 v1.2b Graphics/color driver for pdftex
))
\Gin@req@height=\dimen186
\Gin@req@width=\dimen187
) (C:\Users\lucas\AppData\Local\Programs\MiKTeX\tex/latex/pdfpages\pdfpages.sty
Package: pdfpages 2022/12/19 v0.5x Insert pages of external PDF documents (AM)
 (C:\Users\lucas\AppData\Local\Programs\MiKTeX\tex/latex/base\ifthen.sty
Package: ifthen 2022/04/13 v1.1d Standard LaTeX ifthen package (DPC)
) (C:\Users\lucas\AppData\Local\Programs\MiKTeX\tex/latex/eso-pic\eso-pic.sty
Package: eso-pic 2023/05/03 v3.0c eso-pic (RN)
\ESO@tempdima=\dimen188
\ESO@tempdimb=\dimen189
 (C:\Users\lucas\AppData\Local\Programs\MiKTeX\tex/latex/xcolor\xcolor.sty
Package: xcolor 2022/06/12 v2.14 LaTeX color extensions (UK)
 (C:\Users\lucas\AppData\Local\Programs\MiKTeX\tex/latex/graphics-cfg\color.cfg
File: color.cfg 2016/01/02 v1.6 sample color configuration
)
Package xcolor Info: Driver file: pdftex.def on input line 227.
 (C:\Users\lucas\AppData\Local\Programs\MiKTeX\tex/latex/graphics\mathcolor.ltx)
Package xcolor Info: Model `cmy' substituted by `cmy0' on input line 1353.
Package xcolor Info: Model `hsb' substituted by `rgb' on input line 1357.
Package xcolor Info: Model `RGB' extended on input line 1369.
Package xcolor Info: Model `HTML' substituted by `rgb' on input line 1371.
Package xcolor Info: Model `Hsb' substituted by `hsb' on input line 1372.
Package xcolor Info: Model `tHsb' substituted by `hsb' on input line 1373.
Package xcolor Info: Model `HSB' substituted by `hsb' on input line 1374.
Package xcolor Info: Model `Gray' substituted by `gray' on input line 1375.
Package xcolor Info: Model `wave' substituted by `hsb' on input line 1376.
))
\AM@pagewidth=\dimen190
\AM@pageheight=\dimen191
\AM@fboxrule=\dimen192
 (C:\Users\lucas\AppData\Local\Programs\MiKTeX\tex/latex/pdfpages\pppdftex.def
File: pppdftex.def 2022/12/19 v0.5x Pdfpages driver for pdfTeX (AM)
)
\pdfpages@includegraphics@status=\count295
\AM@pagebox=\box64
\AM@global@opts=\toks31
\AM@pagecnt=\count296
\AM@toc@title=\toks32
\AM@lof@heading=\toks33
\c@AM@survey=\count297
\AM@templatesizebox=\box65
) (C:\Users\lucas\AppData\Local\Programs\MiKTeX\tex/latex/graphics\rotating.sty
Package: rotating 2016/08/11 v2.16d rotated objects in LaTeX
\c@r@tfl@t=\count298
\rotFPtop=\skip85
\rotFPbot=\skip86
\rot@float@box=\box66
\rot@mess@toks=\toks34
) (scrpage2.sty
Package: scrpage2 2016/06/14 v3.21 KOMA-Script package (page head and foot)
LaTeX Info: Redefining \pagemark on input line 174.
) (C:\Users\lucas\AppData\Local\Programs\MiKTeX\tex/latex/psnfss\times.sty
Package: times 2020/03/25 PSNFSS-v9.3 (SPQR) 
) (C:\Users\lucas\AppData\Local\Programs\MiKTeX\tex/latex/psnfss\helvet.sty
Package: helvet 2020/03/25 PSNFSS-v9.3 (WaS) 
) (C:\Users\lucas\AppData\Local\Programs\MiKTeX\tex/latex/base\fontenc.sty
Package: fontenc 2021/04/29 v2.0v Standard LaTeX package
LaTeX Font Info:    Trying to load font information for T1+ptm on input line 112.
 (C:\Users\lucas\AppData\Local\Programs\MiKTeX\tex/latex/psnfss\t1ptm.fd
File: t1ptm.fd 2001/06/04 font definitions for T1/ptm.
))

Package scrbase Warning: Usage of deprecated command `\ifpdfoutput'.
(scrbase)                The command has been renamed because of a
(scrbase)                recommendation of The LaTeX Project Team.
(scrbase)                Please replace `\ifpdfoutput' by `\Ifpdfoutput' on input line 30.

(C:\Users\lucas\AppData\Local\Programs\MiKTeX\tex/latex/hyperref\hyperref.sty
Package: hyperref 2023-04-22 v7.00x Hypertext links for LaTeX
 (C:\Users\lucas\AppData\Local\Programs\MiKTeX\tex/generic/ltxcmds\ltxcmds.sty
Package: ltxcmds 2020-05-10 v1.25 LaTeX kernel commands for general use (HO)
) (C:\Users\lucas\AppData\Local\Programs\MiKTeX\tex/generic/iftex\iftex.sty
Package: iftex 2022/02/03 v1.0f TeX engine tests
) (C:\Users\lucas\AppData\Local\Programs\MiKTeX\tex/generic/pdftexcmds\pdftexcmds.sty
Package: pdftexcmds 2020-06-27 v0.33 Utility functions of pdfTeX for LuaTeX (HO)
 (C:\Users\lucas\AppData\Local\Programs\MiKTeX\tex/generic/infwarerr\infwarerr.sty
Package: infwarerr 2019/12/03 v1.5 Providing info/warning/error messages (HO)
)
Package pdftexcmds Info: \pdf@primitive is available.
Package pdftexcmds Info: \pdf@ifprimitive is available.
Package pdftexcmds Info: \pdfdraftmode found.
) (C:\Users\lucas\AppData\Local\Programs\MiKTeX\tex/latex/kvsetkeys\kvsetkeys.sty
Package: kvsetkeys 2022-10-05 v1.19 Key value parser (HO)
) (C:\Users\lucas\AppData\Local\Programs\MiKTeX\tex/generic/kvdefinekeys\kvdefinekeys.sty
Package: kvdefinekeys 2019-12-19 v1.6 Define keys (HO)
) (C:\Users\lucas\AppData\Local\Programs\MiKTeX\tex/generic/pdfescape\pdfescape.sty
Package: pdfescape 2019/12/09 v1.15 Implements pdfTeX's escape features (HO)
) (C:\Users\lucas\AppData\Local\Programs\MiKTeX\tex/latex/hycolor\hycolor.sty
Package: hycolor 2020-01-27 v1.10 Color options for hyperref/bookmark (HO)
) (C:\Users\lucas\AppData\Local\Programs\MiKTeX\tex/latex/letltxmacro\letltxmacro.sty
Package: letltxmacro 2019/12/03 v1.6 Let assignment for LaTeX macros (HO)
) (C:\Users\lucas\AppData\Local\Programs\MiKTeX\tex/latex/auxhook\auxhook.sty
Package: auxhook 2019-12-17 v1.6 Hooks for auxiliary files (HO)
) (C:\Users\lucas\AppData\Local\Programs\MiKTeX\tex/latex/hyperref\nameref.sty
Package: nameref 2022-05-17 v2.50 Cross-referencing by name of section
 (C:\Users\lucas\AppData\Local\Programs\MiKTeX\tex/latex/refcount\refcount.sty
Package: refcount 2019/12/15 v3.6 Data extraction from label references (HO)
) (C:\Users\lucas\AppData\Local\Programs\MiKTeX\tex/generic/gettitlestring\gettitlestring.sty
Package: gettitlestring 2019/12/15 v1.6 Cleanup title references (HO)
 (C:\Users\lucas\AppData\Local\Programs\MiKTeX\tex/latex/kvoptions\kvoptions.sty
Package: kvoptions 2022-06-15 v3.15 Key value format for package options (HO)
))
\c@section@level=\count299
)
\@linkdim=\dimen193
\Hy@linkcounter=\count300
\Hy@pagecounter=\count301
 (C:\Users\lucas\AppData\Local\Programs\MiKTeX\tex/latex/hyperref\pd1enc.def
File: pd1enc.def 2023-04-22 v7.00x Hyperref: PDFDocEncoding definition (HO)
Now handling font encoding PD1 ...
... no UTF-8 mapping file for font encoding PD1
) (C:\Users\lucas\AppData\Local\Programs\MiKTeX\tex/generic/intcalc\intcalc.sty
Package: intcalc 2019/12/15 v1.3 Expandable calculations with integers (HO)
)
\Hy@SavedSpaceFactor=\count302
 (C:\Users\lucas\AppData\Local\Programs\MiKTeX\tex/latex/hyperref\puenc.def
File: puenc.def 2023-04-22 v7.00x Hyperref: PDF Unicode definition (HO)
Now handling font encoding PU ...
... no UTF-8 mapping file for font encoding PU
)
Package hyperref Info: Option `bookmarks' set `true' on input line 4065.
Package hyperref Info: Option `bookmarksopen' set `true' on input line 4065.
Package hyperref Info: Option `bookmarksnumbered' set `true' on input line 4065.
Package hyperref Info: Option `colorlinks' set `true' on input line 4065.
Package hyperref Info: Option `breaklinks' set `true' on input line 4065.
Package hyperref Info: Option `pageanchor' set `true' on input line 4065.
Package hyperref Info: Option `plainpages' set `false' on input line 4065.
Package hyperref Info: Option `pdfpagelabels' set `true' on input line 4065.
Package hyperref Info: Hyper figures OFF on input line 4182.
Package hyperref Info: Link nesting OFF on input line 4187.
Package hyperref Info: Hyper index ON on input line 4190.
Package hyperref Info: Plain pages OFF on input line 4197.
Package hyperref Info: Backreferencing OFF on input line 4202.
Package hyperref Info: Implicit mode ON; LaTeX internals redefined.
Package hyperref Info: Bookmarks ON on input line 4449.
\c@Hy@tempcnt=\count303
 (C:\Users\lucas\AppData\Local\Programs\MiKTeX\tex/latex/url\url.sty
\Urlmuskip=\muskip17
Package: url 2013/09/16  ver 3.4  Verb mode for urls, etc.
)
LaTeX Info: Redefining \url on input line 4787.
\XeTeXLinkMargin=\dimen194
 (C:\Users\lucas\AppData\Local\Programs\MiKTeX\tex/generic/bitset\bitset.sty
Package: bitset 2019/12/09 v1.3 Handle bit-vector datatype (HO)
 (C:\Users\lucas\AppData\Local\Programs\MiKTeX\tex/generic/bigintcalc\bigintcalc.sty
Package: bigintcalc 2019/12/15 v1.5 Expandable calculations on big integers (HO)
))
\Fld@menulength=\count304
\Field@Width=\dimen195
\Fld@charsize=\dimen196
Package hyperref Info: Hyper figures OFF on input line 6066.
Package hyperref Info: Link nesting OFF on input line 6071.
Package hyperref Info: Hyper index ON on input line 6074.
Package hyperref Info: backreferencing OFF on input line 6081.
Package hyperref Info: Link coloring ON on input line 6084.
Package hyperref Info: Link coloring with OCG OFF on input line 6091.
Package hyperref Info: PDF/A mode OFF on input line 6096.
 (C:\Users\lucas\AppData\Local\Programs\MiKTeX\tex/latex/base\atbegshi-ltx.sty
Package: atbegshi-ltx 2021/01/10 v1.0c Emulation of the original atbegshi
package with kernel methods
)
\Hy@abspage=\count305
\c@Item=\count306
\c@Hfootnote=\count307
)
Package hyperref Info: Driver: hpdftex.
 (C:\Users\lucas\AppData\Local\Programs\MiKTeX\tex/latex/hyperref\hpdftex.def
File: hpdftex.def 2023-04-22 v7.00x Hyperref driver for pdfTeX
 (C:\Users\lucas\AppData\Local\Programs\MiKTeX\tex/latex/base\atveryend-ltx.sty
Package: atveryend-ltx 2020/08/19 v1.0a Emulation of the original atveryend package
with kernel methods
)
\Fld@listcount=\count308
\c@bookmark@seq@number=\count309
 (C:\Users\lucas\AppData\Local\Programs\MiKTeX\tex/latex/rerunfilecheck\rerunfilecheck.sty
Package: rerunfilecheck 2022-07-10 v1.10 Rerun checks for auxiliary files (HO)
 (C:\Users\lucas\AppData\Local\Programs\MiKTeX\tex/generic/uniquecounter\uniquecounter.sty
Package: uniquecounter 2019/12/15 v1.4 Provide unlimited unique counter (HO)
)
Package uniquecounter Info: New unique counter `rerunfilecheck' on input line 285.
)
\Hy@SectionHShift=\skip87
)

Package scrbase Warning: Usage of deprecated command `\ifpdfoutput'.
(scrbase)                The command has been renamed because of a
(scrbase)                recommendation of The LaTeX Project Team.
(scrbase)                Please replace `\ifpdfoutput' by `\Ifpdfoutput' on input line 50.

(preamble.tex
\c@localFigure=\count310
\c@localTable=\count311
) (thesis.aux (abstract.aux) (ch01-introduction.aux) (ch02-related-work.aux) (ch03-more-chapters.aux) (ch04-conclusion.aux) (ch05-conclusion-and-outlook.aux) (apx-sample-appendix.aux))
\openout1 = `thesis.aux'.

LaTeX Font Info:    Checking defaults for OML/cmm/m/it on input line 83.
LaTeX Font Info:    ... okay on input line 83.
LaTeX Font Info:    Checking defaults for OMS/cmsy/m/n on input line 83.
LaTeX Font Info:    ... okay on input line 83.
LaTeX Font Info:    Checking defaults for OT1/cmr/m/n on input line 83.
LaTeX Font Info:    ... okay on input line 83.
LaTeX Font Info:    Checking defaults for T1/cmr/m/n on input line 83.
LaTeX Font Info:    ... okay on input line 83.
LaTeX Font Info:    Checking defaults for TS1/cmr/m/n on input line 83.
LaTeX Font Info:    ... okay on input line 83.
LaTeX Font Info:    Checking defaults for OMX/cmex/m/n on input line 83.
LaTeX Font Info:    ... okay on input line 83.
LaTeX Font Info:    Checking defaults for U/cmr/m/n on input line 83.
LaTeX Font Info:    ... okay on input line 83.
LaTeX Font Info:    Checking defaults for PD1/pdf/m/n on input line 83.
LaTeX Font Info:    ... okay on input line 83.
LaTeX Font Info:    Checking defaults for PU/pdf/m/n on input line 83.
LaTeX Font Info:    ... okay on input line 83.
Package scrbase Info: activating english \partname on input line 83.
Package scrbase Info: activating english \chaptername on input line 83.
Package scrbase Info: activating english \appendixname on input line 83.
Package scrbase Info: activating english \figurename on input line 83.
Package scrbase Info: activating english \tablename on input line 83.
Package scrbase Info: activating english \contentsname on input line 83.
Package scrbase Info: activating english \listfigurename on input line 83.
Package scrbase Info: activating english \listtablename on input line 83.
Package scrbase Info: activating english \bibname on input line 83.
Package scrbase Info: activating english \indexname on input line 83.
Package caption Info: Begin \AtBeginDocument code.
Package caption Info: float package is loaded.
Package caption Info: hyperref package is loaded.
Package caption Info: rotating package is loaded.
Package caption Info: End \AtBeginDocument code.
 (C:\Users\lucas\AppData\Local\Programs\MiKTeX\tex/context/base/mkii\supp-pdf.mkii
[Loading MPS to PDF converter (version 2006.09.02).]
\scratchcounter=\count312
\scratchdimen=\dimen197
\scratchbox=\box67
\nofMPsegments=\count313
\nofMParguments=\count314
\everyMPshowfont=\toks35
\MPscratchCnt=\count315
\MPscratchDim=\dimen198
\MPnumerator=\count316
\makeMPintoPDFobject=\count317
\everyMPtoPDFconversion=\toks36
) (C:\Users\lucas\AppData\Local\Programs\MiKTeX\tex/latex/epstopdf-pkg\epstopdf-base.sty
Package: epstopdf-base 2020-01-24 v2.11 Base part for package epstopdf
Package epstopdf-base Info: Redefining graphics rule for `.eps' on input line 485.
 (C:\Users\lucas\AppData\Local\Programs\MiKTeX\tex/latex/00miktex\epstopdf-sys.cfg
File: epstopdf-sys.cfg 2021/03/18 v2.0 Configuration of epstopdf for MiKTeX
)) (C:\Users\lucas\AppData\Local\Programs\MiKTeX\tex/latex/pdflscape\pdflscape.sty
Package: pdflscape 2022-10-27 v0.13 Display of landscape pages in PDF
 (C:\Users\lucas\AppData\Local\Programs\MiKTeX\tex/latex/pdflscape\pdflscape-nometadata.sty
Package: pdflscape-nometadata 2022-10-28 v0.13 Display of landscape pages in PDF (HO)
 (C:\Users\lucas\AppData\Local\Programs\MiKTeX\tex/latex/graphics\lscape.sty
Package: lscape 2020/05/28 v3.02 Landscape Pages (DPC)
)
Package pdflscape Info: Auto-detected driver: pdftex on input line 81.
))
Package hyperref Info: Link coloring ON on input line 83.
 (thesis.out) (thesis.out)
\@outlinefile=\write3
\openout3 = `thesis.out'.

Class scrbook Info: loading recommended package `bookmark'.
(scrbook)           Using `bookmark' together with `hyperref' is recommended,
(scrbook)           because of handling of possible bookmark level gaps.
(scrbook)           You can avoid loading `bookmark' with KOMA-Script option
(scrbook)           `bookmarkpackage=false' before \begin{document} and
(scrbook)           you can avoid this message adding:
(scrbook)             \usepackage{bookmark}
(scrbook)           before \begin{document} on input line 83.
 (C:\Users\lucas\AppData\Local\Programs\MiKTeX\tex/latex/bookmark\bookmark.sty
Package: bookmark 2020-11-06 v1.29 PDF bookmarks (HO)
 (C:\Users\lucas\AppData\Local\Programs\MiKTeX\tex/latex/bookmark\bkm-pdftex.def
File: bkm-pdftex.def 2020-11-06 v1.29 bookmark driver for pdfTeX (HO)
\BKM@id=\count318
)) (studchapter.tex)
Package hyperref Info: Option `pageanchor' set `false' on input line 104.
LaTeX Font Info:    Trying to load font information for T1+phv on input line 123.
 (C:\Users\lucas\AppData\Local\Programs\MiKTeX\tex/latex/psnfss\t1phv.fd
File: t1phv.fd 2020/03/25 scalable font definitions for T1/phv.
)
<figures/placeholderTeaser.png, id=3, 1507.13063pt x 749.80125pt>
File: figures/placeholderTeaser.png Graphic file (type png)
<use figures/placeholderTeaser.png>
Package pdftex.def Info: figures/placeholderTeaser.png  used on input line 124.
(pdftex.def)             Requested size: 455.30121pt x 226.50952pt.
<figures/ETH_logo.pdf, id=6, 8816.1872pt x 2366.8425pt>
File: figures/ETH_logo.pdf Graphic file (type pdf)
<use figures/ETH_logo.pdf>
Package pdftex.def Info: figures/ETH_logo.pdf  used on input line 137.
(pdftex.def)             Requested size: 136.59175pt x 36.65678pt.
<figures/CGL_logo.pdf, id=8, 426.7935pt x 142.26149pt>
File: figures/CGL_logo.pdf Graphic file (type pdf)
<use figures/CGL_logo.pdf>
Package pdftex.def Info: figures/CGL_logo.pdf  used on input line 141.
(pdftex.def)             Requested size: 136.59175pt x 45.52893pt.
 [1



{C:/Users/lucas/AppData/Local/MiKTeX/fonts/map/pdftex/pdftex.map}{C:/Users/lucas/AppData/Local/Programs/MiKTeX/fonts/enc/dvips/base/8r.enc} <./figures/placeholderTeaser.png> <./figures/ETH_logo.pdf> <./figures/CGL_logo.pdf>] [2


]
Package hyperref Info: Option `pageanchor' set `true' on input line 147.
\openout2 = `abstract.aux'.

 (abstract.tex [1



] [2


])
Overfull \hbox (0.81476pt too wide) in paragraph at lines 11--151
\T1/ptm/m/n/12 In dieser Ar-beit wer-den Computergrafik- und Computer-Vision-Techniken einge-setzt, um Bilder
 []

[3


] [4




] (thesis.toc
LaTeX Font Info:    Trying to load font information for U+msa on input line 5.
 (C:\Users\lucas\AppData\Local\Programs\MiKTeX\tex/latex/amsfonts\umsa.fd
File: umsa.fd 2013/01/14 v3.01 AMS symbols A
)
LaTeX Font Info:    Trying to load font information for U+msb on input line 5.
 (C:\Users\lucas\AppData\Local\Programs\MiKTeX\tex/latex/amsfonts\umsb.fd
File: umsb.fd 2013/01/14 v3.01 AMS symbols B
) [5




])
\tf@toc=\write4
\openout4 = `thesis.toc'.

 [6] (thesis.lof)
\tf@lof=\write5
\openout5 = `thesis.lof'.

 [7




] [8


] (thesis.lot)
\tf@lot=\write6
\openout6 = `thesis.lot'.

 [9


] [10


]
\openout2 = `ch01-introduction.aux'.

 (ch01-introduction.tex
chapter 1.

Class scrbook Warning: \float@addtolists detected!
(scrbook)              Implementation of \float@addtolist became
(scrbook)              deprecated in KOMA-Script v3.01 2008/11/14 and
(scrbook)              has been replaced by several more flexible
(scrbook)              features of package `tocbasic`.
(scrbook)              Since Version 3.12 support for deprecated
(scrbook)              \float@addtolist interface has been
(scrbook)              restricted to only some of the KOMA-Script
(scrbook)              features and been removed from others.
(scrbook)              Loading of package `scrhack' may help to
(scrbook)              avoid this warning, if you are using a
(scrbook)              a package that still implements the
(scrbook)              deprecated \float@addtolist interface.

LaTeX Font Info:    Trying to load font information for TS1+ptm on input line 18.
(C:\Users\lucas\AppData\Local\Programs\MiKTeX\tex/latex/psnfss\ts1ptm.fd
File: ts1ptm.fd 2001/06/04 font definitions for TS1/ptm.
))
LaTeX Font Info:    Font shape `T1/phv/bx/n' in size <100> not available
(Font)              Font shape `T1/phv/b/n' tried instead on input line 180.

Overfull \hbox (2.28006pt too wide) has occurred while \output is active
[]|[] []
 []


Overfull \vbox (459.06232pt too high) has occurred while \output is active []

 [1



]
\openout2 = `ch02-related-work.aux'.

 (ch02-related-work.tex [2





]
chapter 2.

Overfull \hbox (2.28006pt too wide) has occurred while \output is active
[]|[] []
 []


Overfull \vbox (459.06232pt too high) has occurred while \output is active []

 [3]) [4]
\openout2 = `ch03-more-chapters.aux'.

 (ch03-more-chapters.tex
chapter 3.

Overfull \hbox (2.28006pt too wide) has occurred while \output is active
[]|[] []
 []


Overfull \vbox (459.06232pt too high) has occurred while \output is active []

 [5





] [6]
<figures/upload_drag_and_drop.png, id=235, 615.0177pt x 319.1925pt>
File: figures/upload_drag_and_drop.png Graphic file (type png)
<use figures/upload_drag_and_drop.png>
Package pdftex.def Info: figures/upload_drag_and_drop.png  used on input line 57.
(pdftex.def)             Requested size: 364.24236pt x 189.04277pt.
 [7 <./figures/upload_drag_and_drop.png>] [8]
<figures/blue_tone.png, id=247, 176.8206pt x 90.8193pt>
File: figures/blue_tone.png Graphic file (type png)
<use figures/blue_tone.png>
Package pdftex.def Info: figures/blue_tone.png  used on input line 139.
(pdftex.def)             Requested size: 364.24236pt x 187.09123pt.

Underfull \vbox (badness 10000) has occurred while \output is active []

 [9]
<figures/20230529-frontal_view.jpg, id=252, 185.7339pt x 236.8047pt>
File: figures/20230529-frontal_view.jpg Graphic file (type jpg)
<use figures/20230529-frontal_view.jpg>
Package pdftex.def Info: figures/20230529-frontal_view.jpg  used on input line 149.
(pdftex.def)             Requested size: 185.73344pt x 236.80411pt.
<figures/20230529-top_view.jpg, id=253, 185.7339pt x 236.8047pt>
File: figures/20230529-top_view.jpg Graphic file (type jpg)
<use figures/20230529-top_view.jpg>
Package pdftex.def Info: figures/20230529-top_view.jpg  used on input line 158.
(pdftex.def)             Requested size: 185.73344pt x 236.80411pt.

Underfull \vbox (badness 10000) has occurred while \output is active []

 [10 <./figures/blue_tone.png> <./figures/20230529-frontal_view.jpg>]
<figures/20230529-bottom_view.jpg, id=259, 185.7339pt x 236.8047pt>
File: figures/20230529-bottom_view.jpg Graphic file (type jpg)
<use figures/20230529-bottom_view.jpg>
Package pdftex.def Info: figures/20230529-bottom_view.jpg  used on input line 167.
(pdftex.def)             Requested size: 185.73344pt x 236.80411pt.
<figures/20230529-comparison_screen.jpg, id=260, 485.6544pt x 218.4963pt>
File: figures/20230529-comparison_screen.jpg Graphic file (type jpg)
<use figures/20230529-comparison_screen.jpg>
Package pdftex.def Info: figures/20230529-comparison_screen.jpg  used on input line 176.
(pdftex.def)             Requested size: 364.24236pt x 163.8818pt.

Underfull \vbox (badness 2635) has occurred while \output is active []

 [11 <./figures/20230529-top_view.jpg> <./figures/20230529-bottom_view.jpg>]
Overfull \hbox (1.28186pt too wide) in paragraph at lines 187--190
[]\T1/ptm/m/n/12 The Cube pack-age pro-vides us with the es-sen-tial trans-for-ma-tion ma-tri-ces, specif-i-cally the model,
 []

[12 <./figures/20230529-comparison_screen.jpg>] [13] [14]
<figures/20230529-pca_base.jpg, id=294, 171.5208pt x 218.7372pt>
File: figures/20230529-pca_base.jpg Graphic file (type jpg)
<use figures/20230529-pca_base.jpg>
Package pdftex.def Info: figures/20230529-pca_base.jpg  used on input line 283.
(pdftex.def)             Requested size: 221.73146pt x 282.77626pt.
<figures/20230529-pca_0_comp.jpg, id=295, 171.5208pt x 218.7372pt>
File: figures/20230529-pca_0_comp.jpg Graphic file (type jpg)
<use figures/20230529-pca_0_comp.jpg>
Package pdftex.def Info: figures/20230529-pca_0_comp.jpg  used on input line 284.
(pdftex.def)             Requested size: 221.73146pt x 282.77626pt.
 [15 <./figures/20230529-pca_base.jpg> <./figures/20230529-pca_0_comp.jpg>]
File: figures/20230529-pca_base.jpg Graphic file (type jpg)
<use figures/20230529-pca_base.jpg>
Package pdftex.def Info: figures/20230529-pca_base.jpg  used on input line 309.
(pdftex.def)             Requested size: 221.73146pt x 282.77626pt.
<figures/20230529-pca_1_comp.jpg, id=304, 171.5208pt x 218.7372pt>
File: figures/20230529-pca_1_comp.jpg Graphic file (type jpg)
<use figures/20230529-pca_1_comp.jpg>
Package pdftex.def Info: figures/20230529-pca_1_comp.jpg  used on input line 310.
(pdftex.def)             Requested size: 221.73146pt x 282.77626pt.
File: figures/20230529-pca_base.jpg Graphic file (type jpg)
<use figures/20230529-pca_base.jpg>
Package pdftex.def Info: figures/20230529-pca_base.jpg  used on input line 336.
(pdftex.def)             Requested size: 221.73146pt x 282.77626pt.
<figures/20230529-pca_2_comp.jpg, id=305, 171.5208pt x 218.7372pt>
File: figures/20230529-pca_2_comp.jpg Graphic file (type jpg)
<use figures/20230529-pca_2_comp.jpg>
Package pdftex.def Info: figures/20230529-pca_2_comp.jpg  used on input line 337.
(pdftex.def)             Requested size: 221.73146pt x 282.77626pt.
 [16 <./figures/20230529-pca_1_comp.jpg>]
File: figures/20230529-pca_base.jpg Graphic file (type jpg)
<use figures/20230529-pca_base.jpg>
Package pdftex.def Info: figures/20230529-pca_base.jpg  used on input line 362.
(pdftex.def)             Requested size: 221.73146pt x 282.77626pt.
<figures/20230529-pca_3_comp.jpg, id=312, 171.5208pt x 218.7372pt>
File: figures/20230529-pca_3_comp.jpg Graphic file (type jpg)
<use figures/20230529-pca_3_comp.jpg>
Package pdftex.def Info: figures/20230529-pca_3_comp.jpg  used on input line 363.
(pdftex.def)             Requested size: 221.73146pt x 282.77626pt.

Underfull \vbox (badness 10000) has occurred while \output is active []

 [17 <./figures/20230529-pca_2_comp.jpg>] [18 <./figures/20230529-pca_3_comp.jpg>]
<figures/20230529-pca_deformation_3.jpg, id=326, 185.7339pt x 236.8047pt>
File: figures/20230529-pca_deformation_3.jpg Graphic file (type jpg)
<use figures/20230529-pca_deformation_3.jpg>
Package pdftex.def Info: figures/20230529-pca_deformation_3.jpg  used on input line 403.
(pdftex.def)             Requested size: 221.73146pt x 282.72247pt.
<figures/20230529-pca_deformation_4.jpg, id=327, 185.7339pt x 236.8047pt>
File: figures/20230529-pca_deformation_4.jpg Graphic file (type jpg)
<use figures/20230529-pca_deformation_4.jpg>
Package pdftex.def Info: figures/20230529-pca_deformation_4.jpg  used on input line 404.
(pdftex.def)             Requested size: 221.73146pt x 282.72247pt.
 [19 <./figures/20230529-pca_deformation_3.jpg> <./figures/20230529-pca_deformation_4.jpg>]
<figures/20230529-pca_breastspecific_top.jpg, id=333, 171.5208pt x 218.7372pt>
File: figures/20230529-pca_breastspecific_top.jpg Graphic file (type jpg)
<use figures/20230529-pca_breastspecific_top.jpg>
Package pdftex.def Info: figures/20230529-pca_breastspecific_top.jpg  used on input line 434.
(pdftex.def)             Requested size: 182.11769pt x 232.25749pt.
 [20 <./figures/20230529-pca_breastspecific_top.jpg>]
<figures/correction_ui_pre.png, id=339, 753.5653pt x 749.80125pt>
File: figures/correction_ui_pre.png Graphic file (type png)
<use figures/correction_ui_pre.png>
Package pdftex.def Info: figures/correction_ui_pre.png  used on input line 481.
(pdftex.def)             Requested size: 221.73146pt x 220.6174pt.
<figures/correction_ui_post.png, id=340, 753.5653pt x 749.80125pt>
File: figures/correction_ui_post.png Graphic file (type png)
<use figures/correction_ui_post.png>
Package pdftex.def Info: figures/correction_ui_post.png  used on input line 482.
(pdftex.def)             Requested size: 221.73146pt x 220.6174pt.

Underfull \vbox (badness 1286) has occurred while \output is active []

 [21] [22 <./figures/correction_ui_pre.png> <./figures/correction_ui_post.png>] [23] [24] [25] [26]
Overfull \hbox (1.85805pt too wide) in paragraph at lines 692--695
[]\T1/ptm/m/n/12 It is im-por-tant to note that we lim-ited the num-ber of prin-ci-pal com-po-nents the al-go-rithm changes,
 []

) [27]
\openout2 = `ch04-conclusion.aux'.

 (ch04-conclusion.tex [28





]
chapter 4.
<figures/plot_recreation_accuracy.png, id=395, 462.528pt x 346.896pt>
File: figures/plot_recreation_accuracy.png Graphic file (type png)
<use figures/plot_recreation_accuracy.png>
Package pdftex.def Info: figures/plot_recreation_accuracy.png  used on input line 14.
(pdftex.def)             Requested size: 364.24236pt x 273.19263pt.

Underfull \vbox (badness 10000) has occurred while \output is active []


Overfull \hbox (2.28006pt too wide) has occurred while \output is active
[]|[] []
 []


Overfull \vbox (459.06232pt too high) has occurred while \output is active []

 [29]
<figures/plot_quasiNewton_serial.png, id=402, 462.528pt x 346.896pt>
File: figures/plot_quasiNewton_serial.png Graphic file (type png)
<use figures/plot_quasiNewton_serial.png>
Package pdftex.def Info: figures/plot_quasiNewton_serial.png  used on input line 37.
(pdftex.def)             Requested size: 364.24236pt x 273.19263pt.
<figures/plot_quasiNewton_ser_fun_params.png, id=403, 462.528pt x 346.896pt>
File: figures/plot_quasiNewton_ser_fun_params.png Graphic file (type png)
<use figures/plot_quasiNewton_ser_fun_params.png>
Package pdftex.def Info: figures/plot_quasiNewton_ser_fun_params.png  used on input line 44.
(pdftex.def)             Requested size: 364.24236pt x 273.19263pt.
 [30 <./figures/plot_recreation_accuracy.png>]
Underfull \vbox (badness 10000) has occurred while \output is active []

 [31 <./figures/plot_quasiNewton_serial.png> <./figures/plot_quasiNewton_ser_fun_params.png>]
<figures/plot_quasiNewton_time.png, id=420, 462.528pt x 346.896pt>
File: figures/plot_quasiNewton_time.png Graphic file (type png)
<use figures/plot_quasiNewton_time.png>
Package pdftex.def Info: figures/plot_quasiNewton_time.png  used on input line 63.
(pdftex.def)             Requested size: 364.24236pt x 273.19263pt.
<figures/plot_quasiNewton_fun_params.png, id=421, 462.528pt x 346.896pt>
File: figures/plot_quasiNewton_fun_params.png Graphic file (type png)
<use figures/plot_quasiNewton_fun_params.png>
Package pdftex.def Info: figures/plot_quasiNewton_fun_params.png  used on input line 70.
(pdftex.def)             Requested size: 364.24236pt x 273.19263pt.

Underfull \vbox (badness 10000) has occurred while \output is active []

 [32 <./figures/plot_quasiNewton_time.png>]
<figures/plot_quasiNewton_serial_vs_parallel.png, id=427, 462.528pt x 346.896pt>
File: figures/plot_quasiNewton_serial_vs_parallel.png Graphic file (type png)
<use figures/plot_quasiNewton_serial_vs_parallel.png>
Package pdftex.def Info: figures/plot_quasiNewton_serial_vs_parallel.png  used on input line 77.
(pdftex.def)             Requested size: 364.24236pt x 273.19263pt.

Underfull \vbox (badness 2165) has occurred while \output is active []

 [33 <./figures/plot_quasiNewton_fun_params.png> <./figures/plot_quasiNewton_serial_vs_parallel.png>]
<figures/plot_losses.png, id=443, 462.528pt x 346.896pt>
File: figures/plot_losses.png Graphic file (type png)
<use figures/plot_losses.png>
Package pdftex.def Info: figures/plot_losses.png  used on input line 103.
(pdftex.def)             Requested size: 364.24236pt x 273.19263pt.

Underfull \vbox (badness 10000) has occurred while \output is active []

 [34]
<figures/plot_losses_vs_iterations_stepsize.png, id=448, 462.528pt x 346.896pt>
File: figures/plot_losses_vs_iterations_stepsize.png Graphic file (type png)
<use figures/plot_losses_vs_iterations_stepsize.png>
Package pdftex.def Info: figures/plot_losses_vs_iterations_stepsize.png  used on input line 110.
(pdftex.def)             Requested size: 364.24236pt x 273.19263pt.
 [35 <./figures/plot_losses.png> <./figures/plot_losses_vs_iterations_stepsize.png>]
<figures/plot_newtonMethod_line_len.png, id=460, 462.528pt x 346.896pt>
File: figures/plot_newtonMethod_line_len.png Graphic file (type png)
<use figures/plot_newtonMethod_line_len.png>
Package pdftex.def Info: figures/plot_newtonMethod_line_len.png  used on input line 131.
(pdftex.def)             Requested size: 364.24236pt x 273.19263pt.
) [36 <./figures/plot_newtonMethod_line_len.png>] [37]
\openout2 = `ch05-conclusion-and-outlook.aux'.

 (ch05-conclusion-and-outlook.tex [38





]
chapter 5.

Overfull \hbox (2.28006pt too wide) has occurred while \output is active
[]|[] []
 []


Overfull \vbox (459.06232pt too high) has occurred while \output is active []

 [39]) [40]
\openout2 = `apx-sample-appendix.aux'.

 (apx-sample-appendix.tex
chapter A.
LaTeX Font Info:    Trying to load font information for T1+pcr on input line 8.
(C:\Users\lucas\AppData\Local\Programs\MiKTeX\tex/latex/psnfss\t1pcr.fd
File: t1pcr.fd 2001/06/04 font definitions for T1/pcr.
)
Underfull \vbox (badness 10000) has occurred while \output is active []


Overfull \hbox (2.28006pt too wide) has occurred while \output is active
[]|[] []
 []


Overfull \vbox (459.06232pt too high) has occurred while \output is active []

 [41






]) [42] (thesis.bbl)

Package pdfpages Warning: Option `page' is unknow to \includepdf.
(pdfpages)                Did you mean `pages'? (Note the `s'!)
(pdfpages)                OK, I'll proceed as if it were `pages'.

<Luca_Sichi_Thesis_description.pdf, id=498, 598.235pt x 845.1575pt>
File: Luca_Sichi_Thesis_description.pdf Graphic file (type pdf)
<use Luca_Sichi_Thesis_description.pdf>
Package pdftex.def Info: Luca_Sichi_Thesis_description.pdf  used on input line 205.
(pdftex.def)             Requested size: 598.23354pt x 845.15544pt.
File: Luca_Sichi_Thesis_description.pdf Graphic file (type pdf)
<use Luca_Sichi_Thesis_description.pdf>
Package pdftex.def Info: Luca_Sichi_Thesis_description.pdf  used on input line 205.
(pdftex.def)             Requested size: 598.23354pt x 845.15544pt.
<Luca_Sichi_Thesis_description.pdf, id=501, page=1, 598.235pt x 845.1575pt>
File: Luca_Sichi_Thesis_description.pdf Graphic file (type pdf)
<use Luca_Sichi_Thesis_description.pdf, page 1>
Package pdftex.def Info: Luca_Sichi_Thesis_description.pdf , page1 used on input line 205.
(pdftex.def)             Requested size: 598.23354pt x 845.15544pt.
File: Luca_Sichi_Thesis_description.pdf Graphic file (type pdf)
<use Luca_Sichi_Thesis_description.pdf, page 1>
Package pdftex.def Info: Luca_Sichi_Thesis_description.pdf , page1 used on input line 205.
(pdftex.def)             Requested size: 597.7406pt x 844.45905pt.
[43





]
File: Luca_Sichi_Thesis_description.pdf Graphic file (type pdf)
<use Luca_Sichi_Thesis_description.pdf, page 1>
Package pdftex.def Info: Luca_Sichi_Thesis_description.pdf , page1 used on input line 205.
(pdftex.def)             Requested size: 597.7406pt x 844.45905pt.
File: Luca_Sichi_Thesis_description.pdf Graphic file (type pdf)
<use Luca_Sichi_Thesis_description.pdf, page 1>
Package pdftex.def Info: Luca_Sichi_Thesis_description.pdf , page1 used on input line 205.
(pdftex.def)             Requested size: 597.7406pt x 844.45905pt.
File: Luca_Sichi_Thesis_description.pdf Graphic file (type pdf)
<use Luca_Sichi_Thesis_description.pdf, page 1>
Package pdftex.def Info: Luca_Sichi_Thesis_description.pdf , page1 used on input line 205.
(pdftex.def)             Requested size: 597.7406pt x 844.45905pt.
 [44 <./Luca_Sichi_Thesis_description.pdf>]

Package pdfpages Warning: Option `page' is unknow to \includepdf.
(pdfpages)                Did you mean `pages'? (Note the `s'!)
(pdfpages)                OK, I'll proceed as if it were `pages'.



pdfTeX warning: pdflatex (file ./declaration_of_originality.pdf): PDF inclusion: found PDF version <1.7>, but at most version <1.5> allowed
<declaration_of_originality.pdf, id=533, 1866.22218pt x 2640.11343pt>
File: declaration_of_originality.pdf Graphic file (type pdf)
<use declaration_of_originality.pdf>
Package pdftex.def Info: declaration_of_originality.pdf  used on input line 206.
(pdftex.def)             Requested size: 1866.21765pt x 2640.10703pt.


pdfTeX warning: pdflatex (file ./declaration_of_originality.pdf): PDF inclusion: found PDF version <1.7>, but at most version <1.5> allowed
File: declaration_of_originality.pdf Graphic file (type pdf)
<use declaration_of_originality.pdf>
Package pdftex.def Info: declaration_of_originality.pdf  used on input line 206.
(pdftex.def)             Requested size: 1866.21765pt x 2640.10703pt.


pdfTeX warning: pdflatex (file ./declaration_of_originality.pdf): PDF inclusion: found PDF version <1.7>, but at most version <1.5> allowed


pdfTeX warning: pdflatex (file ./declaration_of_originality.pdf): PDF inclusion: found PDF version <1.7>, but at most version <1.5> allowed
<declaration_of_originality.pdf, id=536, page=1, 1866.22218pt x 2640.11343pt>
File: declaration_of_originality.pdf Graphic file (type pdf)
<use declaration_of_originality.pdf, page 1>
Package pdftex.def Info: declaration_of_originality.pdf , page1 used on input line 206.
(pdftex.def)             Requested size: 1866.21765pt x 2640.10703pt.
File: declaration_of_originality.pdf Graphic file (type pdf)
<use declaration_of_originality.pdf, page 1>
Package pdftex.def Info: declaration_of_originality.pdf , page1 used on input line 206.
(pdftex.def)             Requested size: 597.34569pt x 845.05501pt.
File: declaration_of_originality.pdf Graphic file (type pdf)
<use declaration_of_originality.pdf, page 1>
Package pdftex.def Info: declaration_of_originality.pdf , page1 used on input line 206.
(pdftex.def)             Requested size: 597.34569pt x 845.05501pt.
File: declaration_of_originality.pdf Graphic file (type pdf)
<use declaration_of_originality.pdf, page 1>
Package pdftex.def Info: declaration_of_originality.pdf , page1 used on input line 206.
(pdftex.def)             Requested size: 597.34569pt x 845.05501pt.
File: declaration_of_originality.pdf Graphic file (type pdf)
<use declaration_of_originality.pdf, page 1>
Package pdftex.def Info: declaration_of_originality.pdf , page1 used on input line 206.
(pdftex.def)             Requested size: 597.34569pt x 845.05501pt.
[45 <./declaration_of_originality.pdf>] (thesis.aux (abstract.aux) (ch01-introduction.aux) (ch02-related-work.aux) (ch03-more-chapters.aux) (ch04-conclusion.aux) (ch05-conclusion-and-outlook.aux) (apx-sample-appendix.aux))
Package rerunfilecheck Info: File `thesis.out' has not changed.
(rerunfilecheck)             Checksum: D41D8CD98F00B204E9800998ECF8427E;0.
 ) 
Here is how much of TeX's memory you used:
 18664 strings out of 476360
 338854 string characters out of 5788025
 1862993 words of memory out of 5000000
 38546 multiletter control sequences out of 15000+600000
 568640 words of font info for 93 fonts, out of 8000000 for 9000
 1141 hyphenation exceptions out of 8191
 108i,29n,106p,10949b,578s stack positions out of 10000i,1000n,20000p,200000b,200000s
<C:/Users/lucas/AppData/Local/Programs/MiKTeX/fonts/type1/public/amsfonts/cm/cmex10.pfb><C:/Users/lucas/AppData/Local/Programs/MiKTeX/fonts/type1/public/amsfonts/cm/cmmi10.pfb><C:/Users/lucas/AppData/Local/Programs/MiKTeX/fonts/type1/public/amsfonts/cm/cmmi12.pfb><C:/Users/lucas/AppData/Local/Programs/MiKTeX/fonts/type1/public/amsfonts/cm/cmmi6.pfb><C:/Users/lucas/AppData/Local/Programs/MiKTeX/fonts/type1/public/amsfonts/cm/cmmi8.pfb><C:/Users/lucas/AppData/Local/Programs/MiKTeX/fonts/type1/public/amsfonts/cm/cmr10.pfb><C:/Users/lucas/AppData/Local/Programs/MiKTeX/fonts/type1/public/amsfonts/cm/cmr12.pfb><C:/Users/lucas/AppData/Local/Programs/MiKTeX/fonts/type1/public/amsfonts/cm/cmr8.pfb><C:/Users/lucas/AppData/Local/Programs/MiKTeX/fonts/type1/public/amsfonts/cm/cmsy10.pfb><C:/Users/lucas/AppData/Local/Programs/MiKTeX/fonts/type1/public/amsfonts/cm/cmsy8.pfb><C:/Users/lucas/AppData/Local/Programs/MiKTeX/fonts/type1/urw/courier/ucrr8a.pfb><C:/Users/lucas/AppData/Local/Programs/MiKTeX/fonts/type1/urw/helvetic/uhvb8a.pfb><C:/Users/lucas/AppData/Local/Programs/MiKTeX/fonts/type1/urw/helvetic/uhvr8a.pfb><C:/Users/lucas/AppData/Local/Programs/MiKTeX/fonts/type1/urw/times/utmb8a.pfb><C:/Users/lucas/AppData/Local/Programs/MiKTeX/fonts/type1/urw/times/utmb8a.pfb><C:/Users/lucas/AppData/Local/Programs/MiKTeX/fonts/type1/urw/times/utmr8a.pfb><C:/Users/lucas/AppData/Local/Programs/MiKTeX/fonts/type1/urw/times/utmr8a.pfb><C:/Users/lucas/AppData/Local/Programs/MiKTeX/fonts/type1/urw/times/utmri8a.pfb>
Output written on thesis.pdf (57 pages, 10856266 bytes).
PDF statistics:
 776 PDF objects out of 1000 (max. 8388607)
 151 named destinations out of 1000 (max. 500000)
 511 words of extra memory for PDF output out of 10000 (max. 10000000)

